[3.835s] Invoking command in '/home/semubot-omar/semubot_ws/src/semubot_motor': DEBUGINFOD_URLS=https://debuginfod.ubuntu.com PYTHONPATH=/home/semubot-omar/semubot_ws/build/semubot_motor/prefix_override:/usr/lib/python3/dist-packages/colcon_core/task/python/colcon_distutils_commands:/home/semubot-omar/semubot_ws/install/semubot_motor/lib/python3.12/site-packages:${PYTHONPATH} /usr/bin/python3 -W ignore:setup.py install is deprecated -W ignore:easy_install command is deprecated setup.py egg_info --egg-base ../../build/semubot_motor build --build-base /home/semubot-omar/semubot_ws/build/semubot_motor/build install --record /home/semubot-omar/semubot_ws/build/semubot_motor/install.log --single-version-externally-managed install_data
[5.095s] running egg_info
[5.185s] writing ../../build/semubot_motor/semubot_motor.egg-info/PKG-INFO
[5.187s] writing dependency_links to ../../build/semubot_motor/semubot_motor.egg-info/dependency_links.txt
[5.188s] writing entry points to ../../build/semubot_motor/semubot_motor.egg-info/entry_points.txt
[5.189s] writing requirements to ../../build/semubot_motor/semubot_motor.egg-info/requires.txt
[5.190s] writing top-level names to ../../build/semubot_motor/semubot_motor.egg-info/top_level.txt
[5.376s] reading manifest file '../../build/semubot_motor/semubot_motor.egg-info/SOURCES.txt'
[5.380s] writing manifest file '../../build/semubot_motor/semubot_motor.egg-info/SOURCES.txt'
[5.381s] running build
[5.381s] running build_py
[5.383s] running install
[5.410s] running install_lib
[5.504s] running install_data
[5.505s] running install_egg_info
[5.602s] removing '/home/semubot-omar/semubot_ws/install/semubot_motor/lib/python3.12/site-packages/semubot_motor-0.0.0-py3.12.egg-info' (and everything under it)
[5.604s] Copying ../../build/semubot_motor/semubot_motor.egg-info to /home/semubot-omar/semubot_ws/install/semubot_motor/lib/python3.12/site-packages/semubot_motor-0.0.0-py3.12.egg-info
[5.610s] running install_scripts
[6.313s] Installing cmd_vel_motor_driver script to /home/semubot-omar/semubot_ws/install/semubot_motor/lib/semubot_motor
[6.315s] writing list of installed files to '/home/semubot-omar/semubot_ws/build/semubot_motor/install.log'
[6.468s] Invoked command in '/home/semubot-omar/semubot_ws/src/semubot_motor' returned '0': DEBUGINFOD_URLS=https://debuginfod.ubuntu.com PYTHONPATH=/home/semubot-omar/semubot_ws/build/semubot_motor/prefix_override:/usr/lib/python3/dist-packages/colcon_core/task/python/colcon_distutils_commands:/home/semubot-omar/semubot_ws/install/semubot_motor/lib/python3.12/site-packages:${PYTHONPATH} /usr/bin/python3 -W ignore:setup.py install is deprecated -W ignore:easy_install command is deprecated setup.py egg_info --egg-base ../../build/semubot_motor build --build-base /home/semubot-omar/semubot_ws/build/semubot_motor/build install --record /home/semubot-omar/semubot_ws/build/semubot_motor/install.log --single-version-externally-managed install_data
