[0.485s] DEBUG:colcon:Command line arguments: ['/usr/bin/colcon', 'build']
[0.486s] DEBUG:colcon:Parsed command line arguments: Namespace(log_base=None, log_level=None, verb_name='build', build_base='build', install_base='install', merge_install=False, symlink_install=False, test_result_base=None, continue_on_error=False, executor='parallel', parallel_workers=4, event_handlers=None, ignore_user_meta=False, metas=['./colcon.meta'], base_paths=['.'], packages_ignore=None, packages_ignore_regex=None, paths=None, packages_up_to=None, packages_up_to_regex=None, packages_above=None, packages_above_and_dependencies=None, packages_above_depth=None, packages_select_by_dep=None, packages_skip_by_dep=None, packages_skip_up_to=None, packages_select_build_failed=False, packages_skip_build_finished=False, packages_select_test_failures=False, packages_skip_test_passed=False, packages_select=None, packages_skip=None, packages_select_regex=None, packages_skip_regex=None, packages_start=None, packages_end=None, cmake_args=None, cmake_target=None, cmake_target_skip_unavailable=False, cmake_clean_cache=False, cmake_clean_first=False, cmake_force_configure=False, ament_cmake_args=None, catkin_cmake_args=None, catkin_skip_building_tests=False, verb_parser=<colcon_defaults.argument_parser.defaults.DefaultArgumentsDecorator object at 0xffffa5dcf0b0>, verb_extension=<colcon_core.verb.build.BuildVerb object at 0xffffa5ceb080>, main=<bound method BuildVerb.main of <colcon_core.verb.build.BuildVerb object at 0xffffa5ceb080>>)
[0.678s] Level 1:colcon.colcon_core.package_discovery:discover_packages(colcon_meta) check parameters
[0.679s] Level 1:colcon.colcon_core.package_discovery:discover_packages(recursive) check parameters
[0.679s] Level 1:colcon.colcon_core.package_discovery:discover_packages(ignore) check parameters
[0.679s] Level 1:colcon.colcon_core.package_discovery:discover_packages(path) check parameters
[0.679s] Level 1:colcon.colcon_core.package_discovery:discover_packages(colcon_meta) discover
[0.679s] Level 1:colcon.colcon_core.package_discovery:discover_packages(recursive) discover
[0.680s] INFO:colcon.colcon_core.package_discovery:Crawling recursively for packages in '/home/semubot-omar/semubot_ws'
[0.680s] Level 1:colcon.colcon_core.package_identification:_identify(.) by extensions ['ignore', 'ignore_ament_install']
[0.680s] Level 1:colcon.colcon_core.package_identification:_identify(.) by extension 'ignore'
[0.681s] Level 1:colcon.colcon_core.package_identification:_identify(.) by extension 'ignore_ament_install'
[0.681s] Level 1:colcon.colcon_core.package_identification:_identify(.) by extensions ['colcon_pkg']
[0.681s] Level 1:colcon.colcon_core.package_identification:_identify(.) by extension 'colcon_pkg'
[0.681s] Level 1:colcon.colcon_core.package_identification:_identify(.) by extensions ['colcon_meta']
[0.681s] Level 1:colcon.colcon_core.package_identification:_identify(.) by extension 'colcon_meta'
[0.682s] Level 1:colcon.colcon_core.package_identification:_identify(.) by extensions ['ros']
[0.682s] Level 1:colcon.colcon_core.package_identification:_identify(.) by extension 'ros'
[0.799s] Level 1:colcon.colcon_core.package_identification:_identify(.) by extensions ['cmake', 'python']
[0.799s] Level 1:colcon.colcon_core.package_identification:_identify(.) by extension 'cmake'
[0.799s] Level 1:colcon.colcon_core.package_identification:_identify(.) by extension 'python'
[0.799s] Level 1:colcon.colcon_core.package_identification:_identify(.) by extensions ['python_setup_py']
[0.799s] Level 1:colcon.colcon_core.package_identification:_identify(.) by extension 'python_setup_py'
[0.800s] Level 1:colcon.colcon_core.package_identification:_identify(build) by extensions ['ignore', 'ignore_ament_install']
[0.800s] Level 1:colcon.colcon_core.package_identification:_identify(build) by extension 'ignore'
[0.801s] Level 1:colcon.colcon_core.package_identification:_identify(build) ignored
[0.801s] Level 1:colcon.colcon_core.package_identification:_identify(install) by extensions ['ignore', 'ignore_ament_install']
[0.802s] Level 1:colcon.colcon_core.package_identification:_identify(install) by extension 'ignore'
[0.802s] Level 1:colcon.colcon_core.package_identification:_identify(install) ignored
[0.802s] Level 1:colcon.colcon_core.package_identification:_identify(log) by extensions ['ignore', 'ignore_ament_install']
[0.803s] Level 1:colcon.colcon_core.package_identification:_identify(log) by extension 'ignore'
[0.803s] Level 1:colcon.colcon_core.package_identification:_identify(log) ignored
[0.803s] Level 1:colcon.colcon_core.package_identification:_identify(src) by extensions ['ignore', 'ignore_ament_install']
[0.804s] Level 1:colcon.colcon_core.package_identification:_identify(src) by extension 'ignore'
[0.804s] Level 1:colcon.colcon_core.package_identification:_identify(src) by extension 'ignore_ament_install'
[0.804s] Level 1:colcon.colcon_core.package_identification:_identify(src) by extensions ['colcon_pkg']
[0.804s] Level 1:colcon.colcon_core.package_identification:_identify(src) by extension 'colcon_pkg'
[0.804s] Level 1:colcon.colcon_core.package_identification:_identify(src) by extensions ['colcon_meta']
[0.804s] Level 1:colcon.colcon_core.package_identification:_identify(src) by extension 'colcon_meta'
[0.805s] Level 1:colcon.colcon_core.package_identification:_identify(src) by extensions ['ros']
[0.805s] Level 1:colcon.colcon_core.package_identification:_identify(src) by extension 'ros'
[0.805s] Level 1:colcon.colcon_core.package_identification:_identify(src) by extensions ['cmake', 'python']
[0.805s] Level 1:colcon.colcon_core.package_identification:_identify(src) by extension 'cmake'
[0.805s] Level 1:colcon.colcon_core.package_identification:_identify(src) by extension 'python'
[0.806s] Level 1:colcon.colcon_core.package_identification:_identify(src) by extensions ['python_setup_py']
[0.806s] Level 1:colcon.colcon_core.package_identification:_identify(src) by extension 'python_setup_py'
[0.806s] Level 1:colcon.colcon_core.package_identification:_identify(src/semubot_motor) by extensions ['ignore', 'ignore_ament_install']
[0.807s] Level 1:colcon.colcon_core.package_identification:_identify(src/semubot_motor) by extension 'ignore'
[0.807s] Level 1:colcon.colcon_core.package_identification:_identify(src/semubot_motor) by extension 'ignore_ament_install'
[0.807s] Level 1:colcon.colcon_core.package_identification:_identify(src/semubot_motor) by extensions ['colcon_pkg']
[0.807s] Level 1:colcon.colcon_core.package_identification:_identify(src/semubot_motor) by extension 'colcon_pkg'
[0.807s] Level 1:colcon.colcon_core.package_identification:_identify(src/semubot_motor) by extensions ['colcon_meta']
[0.808s] Level 1:colcon.colcon_core.package_identification:_identify(src/semubot_motor) by extension 'colcon_meta'
[0.808s] Level 1:colcon.colcon_core.package_identification:_identify(src/semubot_motor) by extensions ['ros']
[0.808s] Level 1:colcon.colcon_core.package_identification:_identify(src/semubot_motor) by extension 'ros'
[0.818s] DEBUG:colcon.colcon_core.package_identification:Package 'src/semubot_motor' with type 'ros.ament_python' and name 'semubot_motor'
[0.818s] Level 1:colcon.colcon_core.package_discovery:discover_packages(recursive) using defaults
[0.818s] Level 1:colcon.colcon_core.package_discovery:discover_packages(ignore) discover
[0.819s] Level 1:colcon.colcon_core.package_discovery:discover_packages(ignore) using defaults
[0.819s] Level 1:colcon.colcon_core.package_discovery:discover_packages(path) discover
[0.819s] Level 1:colcon.colcon_core.package_discovery:discover_packages(path) using defaults
[0.900s] Level 5:colcon.colcon_core.verb:set package 'semubot_motor' build argument 'cmake_args' from command line to 'None'
[0.900s] Level 5:colcon.colcon_core.verb:set package 'semubot_motor' build argument 'cmake_target' from command line to 'None'
[0.900s] Level 5:colcon.colcon_core.verb:set package 'semubot_motor' build argument 'cmake_target_skip_unavailable' from command line to 'False'
[0.900s] Level 5:colcon.colcon_core.verb:set package 'semubot_motor' build argument 'cmake_clean_cache' from command line to 'False'
[0.900s] Level 5:colcon.colcon_core.verb:set package 'semubot_motor' build argument 'cmake_clean_first' from command line to 'False'
[0.900s] Level 5:colcon.colcon_core.verb:set package 'semubot_motor' build argument 'cmake_force_configure' from command line to 'False'
[0.901s] Level 5:colcon.colcon_core.verb:set package 'semubot_motor' build argument 'ament_cmake_args' from command line to 'None'
[0.901s] Level 5:colcon.colcon_core.verb:set package 'semubot_motor' build argument 'catkin_cmake_args' from command line to 'None'
[0.901s] Level 5:colcon.colcon_core.verb:set package 'semubot_motor' build argument 'catkin_skip_building_tests' from command line to 'False'
[0.901s] DEBUG:colcon.colcon_core.verb:Building package 'semubot_motor' with the following arguments: {'ament_cmake_args': None, 'build_base': '/home/semubot-omar/semubot_ws/build/semubot_motor', 'catkin_cmake_args': None, 'catkin_skip_building_tests': False, 'cmake_args': None, 'cmake_clean_cache': False, 'cmake_clean_first': False, 'cmake_force_configure': False, 'cmake_target': None, 'cmake_target_skip_unavailable': False, 'install_base': '/home/semubot-omar/semubot_ws/install/semubot_motor', 'merge_install': False, 'path': '/home/semubot-omar/semubot_ws/src/semubot_motor', 'symlink_install': False, 'test_result_base': None}
[0.901s] INFO:colcon.colcon_core.executor:Executing jobs using 'parallel' executor
[0.905s] DEBUG:colcon.colcon_parallel_executor.executor.parallel:run_until_complete
[0.906s] INFO:colcon.colcon_ros.task.ament_python.build:Building ROS package in '/home/semubot-omar/semubot_ws/src/semubot_motor' with build type 'ament_python'
[0.907s] Level 1:colcon.colcon_core.shell:create_environment_hook('semubot_motor', 'ament_prefix_path')
[0.916s] INFO:colcon.colcon_core.plugin_system:Skipping extension 'colcon_core.shell.bat': Not used on non-Windows systems
[0.917s] INFO:colcon.colcon_core.shell:Creating environment descriptor '/home/semubot-omar/semubot_ws/install/semubot_motor/share/semubot_motor/hook/ament_prefix_path.dsv'
[0.920s] INFO:colcon.colcon_core.shell:Creating environment hook '/home/semubot-omar/semubot_ws/install/semubot_motor/share/semubot_motor/hook/ament_prefix_path.sh'
[0.923s] DEBUG:colcon.colcon_core.shell:Skip shell extension 'dsv' for command environment
[1.960s] INFO:colcon.colcon_core.task.python.build:Building Python package in '/home/semubot-omar/semubot_ws/src/semubot_motor'
[1.961s] DEBUG:colcon.colcon_core.shell:Skip shell extension 'dsv' for command environment
[4.741s] DEBUG:colcon.colcon_core.event_handler.log_command:Invoking command in '/home/semubot-omar/semubot_ws/src/semubot_motor': DEBUGINFOD_URLS=https://debuginfod.ubuntu.com PYTHONPATH=/home/semubot-omar/semubot_ws/build/semubot_motor/prefix_override:/usr/lib/python3/dist-packages/colcon_core/task/python/colcon_distutils_commands:/home/semubot-omar/semubot_ws/install/semubot_motor/lib/python3.12/site-packages:${PYTHONPATH} /usr/bin/python3 -W ignore:setup.py install is deprecated -W ignore:easy_install command is deprecated setup.py egg_info --egg-base ../../build/semubot_motor build --build-base /home/semubot-omar/semubot_ws/build/semubot_motor/build install --record /home/semubot-omar/semubot_ws/build/semubot_motor/install.log --single-version-externally-managed install_data
[7.374s] DEBUG:colcon.colcon_core.event_handler.log_command:Invoked command in '/home/semubot-omar/semubot_ws/src/semubot_motor' returned '0': DEBUGINFOD_URLS=https://debuginfod.ubuntu.com PYTHONPATH=/home/semubot-omar/semubot_ws/build/semubot_motor/prefix_override:/usr/lib/python3/dist-packages/colcon_core/task/python/colcon_distutils_commands:/home/semubot-omar/semubot_ws/install/semubot_motor/lib/python3.12/site-packages:${PYTHONPATH} /usr/bin/python3 -W ignore:setup.py install is deprecated -W ignore:easy_install command is deprecated setup.py egg_info --egg-base ../../build/semubot_motor build --build-base /home/semubot-omar/semubot_ws/build/semubot_motor/build install --record /home/semubot-omar/semubot_ws/build/semubot_motor/install.log --single-version-externally-managed install_data
[7.385s] Level 1:colcon.colcon_core.environment:checking '/home/semubot-omar/semubot_ws/install/semubot_motor' for CMake module files
[7.389s] Level 1:colcon.colcon_core.environment:checking '/home/semubot-omar/semubot_ws/install/semubot_motor' for CMake config files
[7.393s] Level 1:colcon.colcon_core.environment:checking '/home/semubot-omar/semubot_ws/install/semubot_motor/lib'
[7.394s] Level 1:colcon.colcon_core.environment:checking '/home/semubot-omar/semubot_ws/install/semubot_motor/bin'
[7.394s] Level 1:colcon.colcon_core.environment:checking '/home/semubot-omar/semubot_ws/install/semubot_motor/lib/pkgconfig/semubot_motor.pc'
[7.395s] Level 1:colcon.colcon_core.environment:checking '/home/semubot-omar/semubot_ws/install/semubot_motor/lib/python3.12/site-packages'
[7.396s] Level 1:colcon.colcon_core.shell:create_environment_hook('semubot_motor', 'pythonpath')
[7.396s] INFO:colcon.colcon_core.shell:Creating environment descriptor '/home/semubot-omar/semubot_ws/install/semubot_motor/share/semubot_motor/hook/pythonpath.dsv'
[7.399s] INFO:colcon.colcon_core.shell:Creating environment hook '/home/semubot-omar/semubot_ws/install/semubot_motor/share/semubot_motor/hook/pythonpath.sh'
[7.401s] Level 1:colcon.colcon_core.environment:checking '/home/semubot-omar/semubot_ws/install/semubot_motor/bin'
[7.402s] Level 1:colcon.colcon_core.environment:create_environment_scripts_only(semubot_motor)
[7.403s] INFO:colcon.colcon_core.shell:Creating package descriptor '/home/semubot-omar/semubot_ws/install/semubot_motor/share/semubot_motor/package.dsv'
[7.405s] INFO:colcon.colcon_core.shell:Creating package script '/home/semubot-omar/semubot_ws/install/semubot_motor/share/semubot_motor/package.sh'
[7.408s] INFO:colcon.colcon_core.shell:Creating package script '/home/semubot-omar/semubot_ws/install/semubot_motor/share/semubot_motor/package.bash'
[7.411s] INFO:colcon.colcon_core.shell:Creating package script '/home/semubot-omar/semubot_ws/install/semubot_motor/share/semubot_motor/package.zsh'
[7.414s] Level 1:colcon.colcon_core.environment:create_file_with_runtime_dependencies(/home/semubot-omar/semubot_ws/install/semubot_motor/share/colcon-core/packages/semubot_motor)
[7.416s] DEBUG:colcon.colcon_parallel_executor.executor.parallel:closing loop
[7.417s] DEBUG:colcon.colcon_parallel_executor.executor.parallel:loop closed
[7.417s] DEBUG:colcon.colcon_parallel_executor.executor.parallel:run_until_complete finished with '0'
[7.418s] DEBUG:colcon.colcon_core.event_reactor:joining thread
[7.441s] INFO:colcon.colcon_core.plugin_system:Skipping extension 'colcon_notification.desktop_notification.terminal_notifier': Not used on non-Darwin systems
[7.441s] INFO:colcon.colcon_core.plugin_system:Skipping extension 'colcon_notification.desktop_notification.win32': Not used on non-Windows systems
[7.442s] INFO:colcon.colcon_notification.desktop_notification:Sending desktop notification using 'notify2'
[7.504s] DEBUG:colcon.colcon_core.event_reactor:joined thread
[7.505s] INFO:colcon.colcon_core.shell:Creating prefix script '/home/semubot-omar/semubot_ws/install/local_setup.sh'
[7.508s] INFO:colcon.colcon_core.shell:Creating prefix util module '/home/semubot-omar/semubot_ws/install/_local_setup_util_sh.py'
[7.513s] INFO:colcon.colcon_core.shell:Creating prefix chain script '/home/semubot-omar/semubot_ws/install/setup.sh'
[7.518s] INFO:colcon.colcon_core.shell:Creating prefix script '/home/semubot-omar/semubot_ws/install/local_setup.bash'
[7.521s] INFO:colcon.colcon_core.shell:Creating prefix chain script '/home/semubot-omar/semubot_ws/install/setup.bash'
[7.525s] INFO:colcon.colcon_core.shell:Creating prefix script '/home/semubot-omar/semubot_ws/install/local_setup.zsh'
[7.527s] INFO:colcon.colcon_core.shell:Creating prefix chain script '/home/semubot-omar/semubot_ws/install/setup.zsh'
