[3.860s] Invoking command in '/home/semubot-omar/semubot_ws/src/semubot_motor': DEBUGINFOD_URLS=https://debuginfod.ubuntu.com PYTHONPATH=/home/semubot-omar/semubot_ws/build/semubot_motor/prefix_override:/usr/lib/python3/dist-packages/colcon_core/task/python/colcon_distutils_commands:/home/semubot-omar/semubot_ws/install/semubot_motor/lib/python3.12/site-packages:${PYTHONPATH} /usr/bin/python3 -W ignore:setup.py install is deprecated -W ignore:easy_install command is deprecated setup.py egg_info --egg-base ../../build/semubot_motor build --build-base /home/semubot-omar/semubot_ws/build/semubot_motor/build install --record /home/semubot-omar/semubot_ws/build/semubot_motor/install.log --single-version-externally-managed install_data
[5.124s] running egg_info
[5.214s] writing ../../build/semubot_motor/semubot_motor.egg-info/PKG-INFO
[5.216s] writing dependency_links to ../../build/semubot_motor/semubot_motor.egg-info/dependency_links.txt
[5.217s] writing entry points to ../../build/semubot_motor/semubot_motor.egg-info/entry_points.txt
[5.218s] writing requirements to ../../build/semubot_motor/semubot_motor.egg-info/requires.txt
[5.219s] writing top-level names to ../../build/semubot_motor/semubot_motor.egg-info/top_level.txt
[5.403s] reading manifest file '../../build/semubot_motor/semubot_motor.egg-info/SOURCES.txt'
[5.408s] writing manifest file '../../build/semubot_motor/semubot_motor.egg-info/SOURCES.txt'
[5.409s] running build
[5.409s] running build_py
[5.411s] running install
[5.438s] running install_lib
[5.531s] running install_data
[5.532s] running install_egg_info
[5.627s] removing '/home/semubot-omar/semubot_ws/install/semubot_motor/lib/python3.12/site-packages/semubot_motor-0.0.0-py3.12.egg-info' (and everything under it)
[5.630s] Copying ../../build/semubot_motor/semubot_motor.egg-info to /home/semubot-omar/semubot_ws/install/semubot_motor/lib/python3.12/site-packages/semubot_motor-0.0.0-py3.12.egg-info
[5.636s] running install_scripts
[6.422s] Installing cmd_vel_motor_driver script to /home/semubot-omar/semubot_ws/install/semubot_motor/lib/semubot_motor
[6.423s] writing list of installed files to '/home/semubot-omar/semubot_ws/build/semubot_motor/install.log'
[6.569s] Invoked command in '/home/semubot-omar/semubot_ws/src/semubot_motor' returned '0': DEBUGINFOD_URLS=https://debuginfod.ubuntu.com PYTHONPATH=/home/semubot-omar/semubot_ws/build/semubot_motor/prefix_override:/usr/lib/python3/dist-packages/colcon_core/task/python/colcon_distutils_commands:/home/semubot-omar/semubot_ws/install/semubot_motor/lib/python3.12/site-packages:${PYTHONPATH} /usr/bin/python3 -W ignore:setup.py install is deprecated -W ignore:easy_install command is deprecated setup.py egg_info --egg-base ../../build/semubot_motor build --build-base /home/semubot-omar/semubot_ws/build/semubot_motor/build install --record /home/semubot-omar/semubot_ws/build/semubot_motor/install.log --single-version-externally-managed install_data
